\BOOKMARK [1][-]{section.1}{Supercomputing Activities in UESTC}{}% 1
\BOOKMARK [2][-]{subsection.1.1}{Background}{section.1}% 2
\BOOKMARK [2][-]{subsection.1.2}{Supercomputing-Related Hardware and Software Platforms}{section.1}% 3
\BOOKMARK [3][-]{subsubsection.1.2.1}{Hardware Platforms}{subsection.1.2}% 4
\BOOKMARK [3][-]{subsubsection.1.2.2}{Software Platforms}{subsection.1.2}% 5
\BOOKMARK [2][-]{subsection.1.3}{Supercomputing-Related Courses, Trainings, and Interest Groups}{section.1}% 6
\BOOKMARK [2][-]{subsection.1.4}{Supercomputing-Related Research and Applications}{section.1}% 7
\BOOKMARK [3][-]{subsubsection.1.4.1}{High-level Laboratory planning and construction}{subsection.1.4}% 8
\BOOKMARK [3][-]{subsubsection.1.4.2}{Supercomputing Laboratory Service College Sudent Competition}{subsection.1.4}% 9
\BOOKMARK [3][-]{subsubsection.1.4.3}{Teaching and Scientific Research Promote Each Other}{subsection.1.4}% 10
\BOOKMARK [2][-]{subsection.1.5}{The Key Achievements on Supercomputing Education}{section.1}% 11
\BOOKMARK [3][-]{subsubsection.1.5.1}{Our HPC Education Development Process}{subsection.1.5}% 12
\BOOKMARK [3][-]{subsubsection.1.5.2}{The Status of HPC Education in Our School}{subsection.1.5}% 13
\BOOKMARK [1][-]{section.2}{Introduction of Our Team}{}% 14
\BOOKMARK [2][-]{subsection.2.1}{Overview}{section.2}% 15
\BOOKMARK [2][-]{subsection.2.2}{Team Members}{section.2}% 16
\BOOKMARK [2][-]{subsection.2.3}{Group Photos}{section.2}% 17
\BOOKMARK [2][-]{subsection.2.4}{Team Slogan}{section.2}% 18
\BOOKMARK [1][-]{section.3}{HPC System Design}{}% 19
\BOOKMARK [2][-]{subsection.3.1}{Hardware Environment}{section.3}% 20
\BOOKMARK [2][-]{subsection.3.2}{Software Environment}{section.3}% 21
\BOOKMARK [1][-]{section.4}{HPL Test}{}% 22
\BOOKMARK [2][-]{subsection.4.1}{Hardware Platform and Theoretical Performance}{section.4}% 23
\BOOKMARK [2][-]{subsection.4.2}{Software Platform}{section.4}% 24
\BOOKMARK [2][-]{subsection.4.3}{Optimization Process}{section.4}% 25
\BOOKMARK [3][-]{subsubsection.4.3.1}{Round 0}{subsection.4.3}% 26
\BOOKMARK [3][-]{subsubsection.4.3.2}{Round 1}{subsection.4.3}% 27
\BOOKMARK [3][-]{subsubsection.4.3.3}{Round 2}{subsection.4.3}% 28
\BOOKMARK [3][-]{subsubsection.4.3.4}{Round 3}{subsection.4.3}% 29
\BOOKMARK [3][-]{subsubsection.4.3.5}{Round 4}{subsection.4.3}% 30
\BOOKMARK [2][-]{subsection.4.4}{Summary}{section.4}% 31
\BOOKMARK [1][-]{section.5}{HPCG Test}{}% 32
\BOOKMARK [2][-]{subsection.5.1}{Hardware Platform}{section.5}% 33
\BOOKMARK [2][-]{subsection.5.2}{Software Platform}{section.5}% 34
\BOOKMARK [2][-]{subsection.5.3}{Summary}{section.5}% 35
\BOOKMARK [1][-]{section.6}{The RELION Test}{}% 36
\BOOKMARK [2][-]{subsection.6.1}{Hardware Platform}{section.6}% 37
\BOOKMARK [2][-]{subsection.6.2}{Software Platform}{section.6}% 38
\BOOKMARK [2][-]{subsection.6.3}{Parameter Tuning}{section.6}% 39
\BOOKMARK [2][-]{subsection.6.4}{Code Optimization}{section.6}% 40
\BOOKMARK [3][-]{subsubsection.6.4.1}{First Hot Point}{subsection.6.4}% 41
\BOOKMARK [3][-]{subsubsection.6.4.2}{Second Hot Point}{subsection.6.4}% 42
\BOOKMARK [3][-]{subsubsection.6.4.3}{Third Hot Point}{subsection.6.4}% 43
\BOOKMARK [2][-]{subsection.6.5}{Answer Summary}{section.6}% 44
\BOOKMARK [3][-]{subsubsection.6.5.1}{Step I : Class 2D}{subsection.6.5}% 45
\BOOKMARK [3][-]{subsubsection.6.5.2}{Step II : Class 3D}{subsection.6.5}% 46
\BOOKMARK [3][-]{subsubsection.6.5.3}{Step III : Refine 3D}{subsection.6.5}% 47
\BOOKMARK [1][-]{section.7}{Answer Prediction for Search Query}{}% 48
\BOOKMARK [2][-]{subsection.7.1}{Hardware Platform}{section.7}% 49
\BOOKMARK [2][-]{subsection.7.2}{Software Platform}{section.7}% 50
\BOOKMARK [2][-]{subsection.7.3}{Summary}{section.7}% 51
\BOOKMARK [1][-]{section*.25}{Appendices}{}% 52
